  BeatDetector.cpp
  TimeStamp.cpp
  myFunctions.cpp
C:\Users\snase\source\repos\C++\video-generator-onGitHub\transition.h(2,10): warning C4067: unexpected tokens following preprocessor directive - expected a newline
C:\Users\snase\source\repos\C++\video-generator-onGitHub\transition.h(3,10): warning C4067: unexpected tokens following preprocessor directive - expected a newline
C:\Users\snase\source\repos\C++\video-generator-onGitHub\transition.h(17,2): warning C4091: 'typedef ': ignored on left of 'transitionItemType' when no variable is declared
  sentence.cpp
C:\Users\snase\source\repos\C++\video-generator-onGitHub\transition.h(2,10): warning C4067: unexpected tokens following preprocessor directive - expected a newline
C:\Users\snase\source\repos\C++\video-generator-onGitHub\transition.h(3,10): warning C4067: unexpected tokens following preprocessor directive - expected a newline
C:\Users\snase\source\repos\C++\video-generator-onGitHub\transition.h(17,2): warning C4091: 'typedef ': ignored on left of 'transitionItemType' when no variable is declared
  style.cpp
C:\Users\snase\source\repos\C++\video-generator-onGitHub\style.h(2,10): warning C4067: unexpected tokens following preprocessor directive - expected a newline
C:\Users\snase\source\repos\C++\video-generator-onGitHub\transition.h(2,10): warning C4067: unexpected tokens following preprocessor directive - expected a newline
C:\Users\snase\source\repos\C++\video-generator-onGitHub\transition.h(3,10): warning C4067: unexpected tokens following preprocessor directive - expected a newline
C:\Users\snase\source\repos\C++\video-generator-onGitHub\transition.h(17,2): warning C4091: 'typedef ': ignored on left of 'transitionItemType' when no variable is declared
C:\Users\snase\source\repos\C++\video-generator-onGitHub\style.cpp(17,35): warning C4267: '=': conversion from 'size_t' to 'int', possible loss of data
  transition.cpp
C:\Users\snase\source\repos\C++\video-generator-onGitHub\transition.h(2,10): warning C4067: unexpected tokens following preprocessor directive - expected a newline
C:\Users\snase\source\repos\C++\video-generator-onGitHub\transition.h(3,10): warning C4067: unexpected tokens following preprocessor directive - expected a newline
C:\Users\snase\source\repos\C++\video-generator-onGitHub\transition.h(17,2): warning C4091: 'typedef ': ignored on left of 'transitionItemType' when no variable is declared
C:\Users\snase\source\repos\C++\video-generator-onGitHub\style.h(2,10): warning C4067: unexpected tokens following preprocessor directive - expected a newline
  video-generator.cpp
C:\Users\snase\source\repos\C++\video-generator-onGitHub\transition.h(2,10): warning C4067: unexpected tokens following preprocessor directive - expected a newline
C:\Users\snase\source\repos\C++\video-generator-onGitHub\transition.h(3,10): warning C4067: unexpected tokens following preprocessor directive - expected a newline
C:\Users\snase\source\repos\C++\video-generator-onGitHub\transition.h(17,2): warning C4091: 'typedef ': ignored on left of 'transitionItemType' when no variable is declared
C:\Users\snase\source\repos\C++\video-generator-onGitHub\style.h(2,10): warning C4067: unexpected tokens following preprocessor directive - expected a newline
  video.cpp
C:\Users\snase\source\repos\C++\video-generator-onGitHub\style.h(2,10): warning C4067: unexpected tokens following preprocessor directive - expected a newline
C:\Users\snase\source\repos\C++\video-generator-onGitHub\transition.h(2,10): warning C4067: unexpected tokens following preprocessor directive - expected a newline
C:\Users\snase\source\repos\C++\video-generator-onGitHub\transition.h(3,10): warning C4067: unexpected tokens following preprocessor directive - expected a newline
C:\Users\snase\source\repos\C++\video-generator-onGitHub\transition.h(17,2): warning C4091: 'typedef ': ignored on left of 'transitionItemType' when no variable is declared
C:\Users\snase\source\repos\C++\video-generator-onGitHub\video.cpp(68,36): warning C4267: '+=': conversion from 'size_t' to 'unsigned short', possible loss of data
  word.cpp
  Generating Code...
BeatDetector.obj : error LNK2019: unresolved external symbol FMOD_System_Create referenced in function "enum FMOD_RESULT __cdecl FMOD::System_Create(class FMOD::System * *)" (?System_Create@FMOD@@YA?AW4FMOD_RESULT@@PEAPEAVSystem@1@@Z)
BeatDetector.obj : error LNK2019: unresolved external symbol "public: enum FMOD_RESULT __cdecl FMOD::System::setOutput(enum FMOD_OUTPUTTYPE)" (?setOutput@System@FMOD@@QEAA?AW4FMOD_RESULT@@W4FMOD_OUTPUTTYPE@@@Z) referenced in function "public: class FMOD::System * __cdecl BeatDetector::fmodSetup(void)" (?fmodSetup@BeatDetector@@QEAAPEAVSystem@FMOD@@XZ)
BeatDetector.obj : error LNK2019: unresolved external symbol "public: enum FMOD_RESULT __cdecl FMOD::System::getNumDrivers(int *)" (?getNumDrivers@System@FMOD@@QEAA?AW4FMOD_RESULT@@PEAH@Z) referenced in function "public: class FMOD::System * __cdecl BeatDetector::fmodSetup(void)" (?fmodSetup@BeatDetector@@QEAAPEAVSystem@FMOD@@XZ)
BeatDetector.obj : error LNK2019: unresolved external symbol "public: enum FMOD_RESULT __cdecl FMOD::System::getDriverInfo(int,char *,int,struct FMOD_GUID *)" (?getDriverInfo@System@FMOD@@QEAA?AW4FMOD_RESULT@@HPEADHPEAUFMOD_GUID@@@Z) referenced in function "public: class FMOD::System * __cdecl BeatDetector::fmodSetup(void)" (?fmodSetup@BeatDetector@@QEAAPEAVSystem@FMOD@@XZ)
BeatDetector.obj : error LNK2019: unresolved external symbol "public: enum FMOD_RESULT __cdecl FMOD::System::getDriverCaps(int,unsigned int *,int *,enum FMOD_SPEAKERMODE *)" (?getDriverCaps@System@FMOD@@QEAA?AW4FMOD_RESULT@@HPEAIPEAHPEAW4FMOD_SPEAKERMODE@@@Z) referenced in function "public: class FMOD::System * __cdecl BeatDetector::fmodSetup(void)" (?fmodSetup@BeatDetector@@QEAAPEAVSystem@FMOD@@XZ)
BeatDetector.obj : error LNK2019: unresolved external symbol "public: enum FMOD_RESULT __cdecl FMOD::System::setSoftwareFormat(int,enum FMOD_SOUND_FORMAT,int,int,enum FMOD_DSP_RESAMPLER)" (?setSoftwareFormat@System@FMOD@@QEAA?AW4FMOD_RESULT@@HW4FMOD_SOUND_FORMAT@@HHW4FMOD_DSP_RESAMPLER@@@Z) referenced in function "public: class FMOD::System * __cdecl BeatDetector::fmodSetup(void)" (?fmodSetup@BeatDetector@@QEAAPEAVSystem@FMOD@@XZ)
BeatDetector.obj : error LNK2019: unresolved external symbol "public: enum FMOD_RESULT __cdecl FMOD::System::setDSPBufferSize(unsigned int,int)" (?setDSPBufferSize@System@FMOD@@QEAA?AW4FMOD_RESULT@@IH@Z) referenced in function "public: class FMOD::System * __cdecl BeatDetector::fmodSetup(void)" (?fmodSetup@BeatDetector@@QEAAPEAVSystem@FMOD@@XZ)
BeatDetector.obj : error LNK2019: unresolved external symbol "public: enum FMOD_RESULT __cdecl FMOD::System::setSpeakerMode(enum FMOD_SPEAKERMODE)" (?setSpeakerMode@System@FMOD@@QEAA?AW4FMOD_RESULT@@W4FMOD_SPEAKERMODE@@@Z) referenced in function "public: class FMOD::System * __cdecl BeatDetector::fmodSetup(void)" (?fmodSetup@BeatDetector@@QEAAPEAVSystem@FMOD@@XZ)
BeatDetector.obj : error LNK2019: unresolved external symbol "public: enum FMOD_RESULT __cdecl FMOD::System::init(int,unsigned int,void *)" (?init@System@FMOD@@QEAA?AW4FMOD_RESULT@@HIPEAX@Z) referenced in function "public: class FMOD::System * __cdecl BeatDetector::fmodSetup(void)" (?fmodSetup@BeatDetector@@QEAAPEAVSystem@FMOD@@XZ)
BeatDetector.obj : error LNK2019: unresolved external symbol "public: enum FMOD_RESULT __cdecl FMOD::System::getVersion(unsigned int *)" (?getVersion@System@FMOD@@QEAA?AW4FMOD_RESULT@@PEAI@Z) referenced in function "public: class FMOD::System * __cdecl BeatDetector::fmodSetup(void)" (?fmodSetup@BeatDetector@@QEAAPEAVSystem@FMOD@@XZ)
BeatDetector.obj : error LNK2019: unresolved external symbol "public: enum FMOD_RESULT __cdecl FMOD::System::createStream(char const *,unsigned int,struct FMOD_CREATESOUNDEXINFO *,class FMOD::Sound * *)" (?createStream@System@FMOD@@QEAA?AW4FMOD_RESULT@@PEBDIPEAUFMOD_CREATESOUNDEXINFO@@PEAPEAVSound@2@@Z) referenced in function "public: void __cdecl BeatDetector::LoadSong(int,char *)" (?LoadSong@BeatDetector@@QEAAXHPEAD@Z)
BeatDetector.obj : error LNK2019: unresolved external symbol "public: enum FMOD_RESULT __cdecl FMOD::System::createChannelGroup(char const *,class FMOD::ChannelGroup * *)" (?createChannelGroup@System@FMOD@@QEAA?AW4FMOD_RESULT@@PEBDPEAPEAVChannelGroup@2@@Z) referenced in function "public: void __cdecl BeatDetector::LoadSong(int,char *)" (?LoadSong@BeatDetector@@QEAAXHPEAD@Z)
BeatDetector.obj : error LNK2019: unresolved external symbol "public: enum FMOD_RESULT __cdecl FMOD::System::playSound(enum FMOD_CHANNELINDEX,class FMOD::Sound *,bool,class FMOD::Channel * *)" (?playSound@System@FMOD@@QEAA?AW4FMOD_RESULT@@W4FMOD_CHANNELINDEX@@PEAVSound@2@_NPEAPEAVChannel@2@@Z) referenced in function "public: void __cdecl BeatDetector::LoadSong(int,char *)" (?LoadSong@BeatDetector@@QEAAXHPEAD@Z)
BeatDetector.obj : error LNK2019: unresolved external symbol "public: enum FMOD_RESULT __cdecl FMOD::Sound::getDefaults(float *,float *,float *,int *)" (?getDefaults@Sound@FMOD@@QEAA?AW4FMOD_RESULT@@PEAM00PEAH@Z) referenced in function "public: void __cdecl BeatDetector::LoadSong(int,char *)" (?LoadSong@BeatDetector@@QEAAXHPEAD@Z)
BeatDetector.obj : error LNK2019: unresolved external symbol "public: enum FMOD_RESULT __cdecl FMOD::Sound::getName(char *,int)" (?getName@Sound@FMOD@@QEAA?AW4FMOD_RESULT@@PEADH@Z) referenced in function "public: char * __cdecl BeatDetector::getSongName(void)" (?getSongName@BeatDetector@@QEAAPEADXZ)
BeatDetector.obj : error LNK2019: unresolved external symbol "public: enum FMOD_RESULT __cdecl FMOD::Sound::getLength(unsigned int *,unsigned int)" (?getLength@Sound@FMOD@@QEAA?AW4FMOD_RESULT@@PEAII@Z) referenced in function "public: void __cdecl BeatDetector::LoadSong(int,char *)" (?LoadSong@BeatDetector@@QEAAXHPEAD@Z)
BeatDetector.obj : error LNK2019: unresolved external symbol "public: enum FMOD_RESULT __cdecl FMOD::Sound::getTag(char const *,int,struct FMOD_TAG *)" (?getTag@Sound@FMOD@@QEAA?AW4FMOD_RESULT@@PEBDHPEAUFMOD_TAG@@@Z) referenced in function "public: char * __cdecl BeatDetector::getArtistName(void)" (?getArtistName@BeatDetector@@QEAAPEADXZ)
BeatDetector.obj : error LNK2019: unresolved external symbol "public: enum FMOD_RESULT __cdecl FMOD::Channel::setPaused(bool)" (?setPaused@Channel@FMOD@@QEAA?AW4FMOD_RESULT@@_N@Z) referenced in function "public: void __cdecl BeatDetector::LoadSong(int,char *)" (?LoadSong@BeatDetector@@QEAAXHPEAD@Z)
BeatDetector.obj : error LNK2019: unresolved external symbol "public: enum FMOD_RESULT __cdecl FMOD::Channel::setVolume(float)" (?setVolume@Channel@FMOD@@QEAA?AW4FMOD_RESULT@@M@Z) referenced in function "public: void __cdecl BeatDetector::LoadSong(int,char *)" (?LoadSong@BeatDetector@@QEAAXHPEAD@Z)
BeatDetector.obj : error LNK2019: unresolved external symbol "public: enum FMOD_RESULT __cdecl FMOD::Channel::setChannelGroup(class FMOD::ChannelGroup *)" (?setChannelGroup@Channel@FMOD@@QEAA?AW4FMOD_RESULT@@PEAVChannelGroup@2@@Z) referenced in function "public: void __cdecl BeatDetector::LoadSong(int,char *)" (?LoadSong@BeatDetector@@QEAAXHPEAD@Z)
BeatDetector.obj : error LNK2019: unresolved external symbol "public: enum FMOD_RESULT __cdecl FMOD::Channel::isPlaying(bool *)" (?isPlaying@Channel@FMOD@@QEAA?AW4FMOD_RESULT@@PEA_N@Z) referenced in function "public: void __cdecl BeatDetector::update(void)" (?update@BeatDetector@@QEAAXXZ)
BeatDetector.obj : error LNK2019: unresolved external symbol "public: enum FMOD_RESULT __cdecl FMOD::Channel::getSpectrum(float *,int,int,enum FMOD_DSP_FFT_WINDOW)" (?getSpectrum@Channel@FMOD@@QEAA?AW4FMOD_RESULT@@PEAMHHW4FMOD_DSP_FFT_WINDOW@@@Z) referenced in function "public: float * __cdecl BeatDetector::getCurrentSpectrum(void)" (?getCurrentSpectrum@BeatDetector@@QEAAPEAMXZ)
C:\Users\snase\source\repos\C++\video-generator-onGitHub\x64\Debug\video-generator.exe : fatal error LNK1120: 22 unresolved externals
